Using pre-set license
Built from '2022.3/staging' branch; Version is '2022.3.17f1 (4fc78088f837) revision 5228416'; Using compiler version '192829333'; Build Type 'Release'
OS: 'Windows 10  (10.0.18363) 64bit Core' Language: 'es' Physical Memory: 10116 MB
BatchMode: 1, IsHumanControllingUs: 0, StartBugReporterOnCrash: 0, Is64bit: 1, IsPro: 1

COMMAND LINE ARGUMENTS:
D:\Unity 2\2022.3.17f1\Editor\Unity.exe
-adb2
-batchMode
-noUpm
-name
AssetImportWorker2
-projectPath
C:/Users/User/Downloads/destruye amistades (1)/destruye amistades
-logFile
Logs/AssetImportWorker2.log
-srvPort
55528
Successfully changed project path to: C:/Users/User/Downloads/destruye amistades (1)/destruye amistades
C:/Users/User/Downloads/destruye amistades (1)/destruye amistades
[UnityMemory] Configuration Parameters - Can be set up in boot.config
    "memorysetup-bucket-allocator-granularity=16"
    "memorysetup-bucket-allocator-bucket-count=8"
    "memorysetup-bucket-allocator-block-size=33554432"
    "memorysetup-bucket-allocator-block-count=8"
    "memorysetup-main-allocator-block-size=16777216"
    "memorysetup-thread-allocator-block-size=16777216"
    "memorysetup-gfx-main-allocator-block-size=16777216"
    "memorysetup-gfx-thread-allocator-block-size=16777216"
    "memorysetup-cache-allocator-block-size=4194304"
    "memorysetup-typetree-allocator-block-size=2097152"
    "memorysetup-profiler-bucket-allocator-granularity=16"
    "memorysetup-profiler-bucket-allocator-bucket-count=8"
    "memorysetup-profiler-bucket-allocator-block-size=33554432"
    "memorysetup-profiler-bucket-allocator-block-count=8"
    "memorysetup-profiler-allocator-block-size=16777216"
    "memorysetup-profiler-editor-allocator-block-size=1048576"
    "memorysetup-temp-allocator-size-main=16777216"
    "memorysetup-job-temp-allocator-block-size=2097152"
    "memorysetup-job-temp-allocator-block-size-background=1048576"
    "memorysetup-job-temp-allocator-reduction-small-platforms=262144"
    "memorysetup-allocator-temp-initial-block-size-main=262144"
    "memorysetup-allocator-temp-initial-block-size-worker=262144"
    "memorysetup-temp-allocator-size-background-worker=32768"
    "memorysetup-temp-allocator-size-job-worker=262144"
    "memorysetup-temp-allocator-size-preload-manager=33554432"
    "memorysetup-temp-allocator-size-nav-mesh-worker=65536"
    "memorysetup-temp-allocator-size-audio-worker=65536"
    "memorysetup-temp-allocator-size-cloud-worker=32768"
    "memorysetup-temp-allocator-size-gi-baking-worker=262144"
    "memorysetup-temp-allocator-size-gfx=262144"
Player connection [29004] Host "[IP] 172.16.23.224 [Port] 0 [Flags] 2 [Guid] 3085774621 [EditorId] 3085774621 [Version] 1048832 [Id] WindowsEditor(7,LAPTOP-4VAES8VJ) [Debug] 1 [PackageName] WindowsEditor [ProjectName] Editor" joined multi-casting on [225.0.0.222:54997]...

Player connection [29004] Host "[IP] 172.16.23.224 [Port] 0 [Flags] 2 [Guid] 3085774621 [EditorId] 3085774621 [Version] 1048832 [Id] WindowsEditor(7,LAPTOP-4VAES8VJ) [Debug] 1 [PackageName] WindowsEditor [ProjectName] Editor" joined alternative multi-casting on [225.0.0.222:34997]...

[Physics::Module] Initialized MultithreadedJobDispatcher with 7 workers.
Refreshing native plugins compatible for Editor in 1872.37 ms, found 4 plugins.
Preloading 0 native plugins for Editor in 0.00 ms.
Initialize engine version: 2022.3.17f1 (4fc78088f837)
[Subsystems] Discovering subsystems at path D:/Unity 2/2022.3.17f1/Editor/Data/Resources/UnitySubsystems
[Subsystems] Discovering subsystems at path C:/Users/User/Downloads/destruye amistades (1)/destruye amistades/Assets
GfxDevice: creating device client; threaded=0; jobified=0
Direct3D:
    Version:  Direct3D 11.0 [level 11.1]
    Renderer: AMD Radeon(TM) RX Vega 10 Graphics (ID=0x15d8)
    Vendor:   ATI
    VRAM:     5058 MB
    Driver:   31.0.12024.0
Initialize mono
Mono path[0] = 'D:/Unity 2/2022.3.17f1/Editor/Data/Managed'
Mono path[1] = 'D:/Unity 2/2022.3.17f1/Editor/Data/MonoBleedingEdge/lib/mono/unityjit-win32'
Mono config path = 'D:/Unity 2/2022.3.17f1/Editor/Data/MonoBleedingEdge/etc'
Using monoOptions --debugger-agent=transport=dt_socket,embedding=1,server=y,suspend=n,address=127.0.0.1:56768
Begin MonoManager ReloadAssembly
Registering precompiled unity dll's ...
Register platform support module: D:/Unity 2/2022.3.17f1/Editor/Data/PlaybackEngines/WebGLSupport/UnityEditor.WebGL.Extensions.dll
Register platform support module: D:/Unity 2/2022.3.17f1/Editor/Data/PlaybackEngines/MacStandaloneSupport/UnityEditor.OSXStandalone.Extensions.dll
Register platform support module: D:/Unity 2/2022.3.17f1/Editor/Data/PlaybackEngines/AndroidPlayer/UnityEditor.Android.Extensions.dll
Register platform support module: D:/Unity 2/2022.3.17f1/Editor/Data/PlaybackEngines/iOSSupport/UnityEditor.iOS.Extensions.dll
Register platform support module: D:/Unity 2/2022.3.17f1/Editor/Data/PlaybackEngines/AppleTVSupport/UnityEditor.AppleTV.Extensions.dll
Register platform support module: D:/Unity 2/2022.3.17f1/Editor/Data/PlaybackEngines/WindowsStandaloneSupport/UnityEditor.WindowsStandalone.Extensions.dll
Register platform support module: D:/Unity 2/2022.3.17f1/Editor/Data/PlaybackEngines/LinuxStandaloneSupport/UnityEditor.LinuxStandalone.Extensions.dll
Register platform support module: D:/Unity 2/2022.3.17f1/Editor/Data/PlaybackEngines/MetroSupport/UnityEditor.UWP.Extensions.dll
Registered in 0.020674 seconds.
- Loaded All Assemblies, in  0.747 seconds
Native extension for UWP target not found
Native extension for LinuxStandalone target not found
Native extension for WindowsStandalone target not found
[usbmuxd] Start listen thread
[usbmuxd] Listen thread started
Native extension for AppleTV target not found
[usbmuxd] Start listen thread
[usbmuxd] Listen thread started
Native extension for iOS target not found
Native extension for Android target not found
Android Extension - Scanning For ADB Devices 1431 ms
Native extension for OSXStandalone target not found
Native extension for WebGL target not found
Mono: successfully reloaded assembly
- Finished resetting the current domain, in  2.102 seconds
Domain Reload Profiling: 2849ms
	BeginReloadAssembly (197ms)
		ExecutionOrderSort (0ms)
		DisableScriptedObjects (0ms)
		BackupInstance (0ms)
		ReleaseScriptingObjects (0ms)
		CreateAndSetChildDomain (1ms)
	RebuildCommonClasses (66ms)
	RebuildNativeTypeToScriptingClass (20ms)
	initialDomainReloadingComplete (109ms)
	LoadAllAssembliesAndSetupDomain (354ms)
		LoadAssemblies (203ms)
		RebuildTransferFunctionScriptingTraits (0ms)
		AnalyzeDomain (343ms)
			TypeCache.Refresh (341ms)
				TypeCache.ScanAssembly (320ms)
			ScanForSourceGeneratedMonoScriptInfo (1ms)
			ResolveRequiredComponents (1ms)
	FinalizeReload (2103ms)
		ReleaseScriptCaches (0ms)
		RebuildScriptCaches (0ms)
		SetupLoadedEditorAssemblies (2005ms)
			LogAssemblyErrors (0ms)
			InitializePlatformSupportModulesInManaged (1711ms)
			SetLoadedEditorAssemblies (9ms)
			RefreshPlugins (0ms)
			BeforeProcessingInitializeOnLoad (4ms)
			ProcessInitializeOnLoadAttributes (198ms)
			ProcessInitializeOnLoadMethodAttributes (82ms)
			AfterProcessingInitializeOnLoad (0ms)
			EditorAssembliesLoaded (0ms)
		ExecutionOrderSort2 (0ms)
		AwakeInstancesAfterBackupRestoration (0ms)
========================================================================
Worker process is ready to serve import requests
Begin MonoManager ReloadAssembly
- Loaded All Assemblies, in  1.522 seconds
Refreshing native plugins compatible for Editor in 10.21 ms, found 4 plugins.
Native extension for UWP target not found
Native extension for LinuxStandalone target not found
Native extension for WindowsStandalone target not found
Native extension for AppleTV target not found
Native extension for iOS target not found
Native extension for Android target not found
Native extension for OSXStandalone target not found
Native extension for WebGL target not found
Package Manager log level set to [2]
[Package Manager] Server::EnsureServerProcessIsRunning -- launch failed, reason: Unity was launched with the -noUpm command-line argument
[Package Manager] UpmClient::Send -- Unable to send message (not connected to UPM process).
[Package Manager] Cannot connect to Unity Package Manager local server
Mono: successfully reloaded assembly
- Finished resetting the current domain, in  1.506 seconds
Domain Reload Profiling: 3023ms
	BeginReloadAssembly (254ms)
		ExecutionOrderSort (0ms)
		DisableScriptedObjects (10ms)
		BackupInstance (0ms)
		ReleaseScriptingObjects (0ms)
		CreateAndSetChildDomain (35ms)
	RebuildCommonClasses (59ms)
	RebuildNativeTypeToScriptingClass (18ms)
	initialDomainReloadingComplete (68ms)
	LoadAllAssembliesAndSetupDomain (1118ms)
		LoadAssemblies (633ms)
		RebuildTransferFunctionScriptingTraits (0ms)
		AnalyzeDomain (643ms)
			TypeCache.Refresh (537ms)
				TypeCache.ScanAssembly (382ms)
			ScanForSourceGeneratedMonoScriptInfo (57ms)
			ResolveRequiredComponents (47ms)
	FinalizeReload (1507ms)
		ReleaseScriptCaches (0ms)
		RebuildScriptCaches (0ms)
		SetupLoadedEditorAssemblies (1176ms)
			LogAssemblyErrors (0ms)
			InitializePlatformSupportModulesInManaged (67ms)
			SetLoadedEditorAssemblies (7ms)
			RefreshPlugins (0ms)
			BeforeProcessingInitializeOnLoad (162ms)
			ProcessInitializeOnLoadAttributes (788ms)
			ProcessInitializeOnLoadMethodAttributes (148ms)
			AfterProcessingInitializeOnLoad (4ms)
			EditorAssembliesLoaded (0ms)
		ExecutionOrderSort2 (0ms)
		AwakeInstancesAfterBackupRestoration (9ms)
Launched and connected shader compiler UnityShaderCompiler.exe after 0.28 seconds
Refreshing native plugins compatible for Editor in 9.49 ms, found 4 plugins.
Preloading 0 native plugins for Editor in 0.00 ms.
Unloading 6266 Unused Serialized files (Serialized files now loaded: 0)
Unloading 105 unused Assets / (424.1 KB). Loaded Objects now: 6729.
Memory consumption went from 265.5 MB to 265.1 MB.
Total: 6.536100 ms (FindLiveObjects: 0.768600 ms CreateObjectMapping: 0.505200 ms MarkObjects: 4.940200 ms  DeleteObjects: 0.320500 ms)

AssetImportParameters requested are different than current active one (requested -> active):
  custom:container-demuxer-ogg: 62fdf1f143b41e24485cea50d1cbac27 -> 
  custom:scripting/monoscript/fileName/GameManager.cs: f6182d712e34e20e3202214886862cdb -> 9933fbcc6190e2a9171c2ec8808a053e
  custom:video-codec-MediaFoundation-h265: 746d11721c4dcdbdad8f713fa42b33f4 -> 
  custom:scripting/monoscript/fileName/CharacterMovement.cs: d399635990a961aca2f515f216de94dd -> 1673cf7be67e51b75e632a5978bb31f2
  custom:scripting/monoscript/fileName/Movimiento2D.cs: 95f0c8df4f00351711a71fd58027563c -> bbc4ac1ef679964e1ecf9a7ae00e89c3
  custom:video-decoder-ogg-theora: a1e56fd34408186e4bbccfd4996cb3dc -> 
  custom:framework-win-MediaFoundation: 216162199b28c13a410421893ffa2e32 -> 
  custom:scripting/monoscript/fileName/Personajes.cs: cf754684430e1fd9ff707153540a15ba -> d24466ca9c67cdf8e80df7889f3239ab
  custom:scripting/monoscript/fileName/CharacterState.cs: daef445d79577e36022c10728a5ef36b -> 20b4bafe321165ad4f78c9806424eaa0
  custom:CustomObjectIndexerAttribute: 62b5816608c3102f162a1797e29626cf -> 
  custom:scripting/monoscript/fileName/APIConnector.cs: 7acd2b7efe9ce707a336ee3e8fe485f8 -> 11d61ef623875cd39650109c2b8e5c47
  custom:scripting/monoscript/fileName/KillZone.cs: bbbfb6fd557c6a2583bd59ef9361a44b -> 09f2c63620312c1b25c236b78ab458de
  custom:container-demuxer-webm: 4f35f7cbe854078d1ac9338744f61a02 -> 
  custom:scripting/monoscript/fileName/MenuSeleccionPersonaje.cs: ea6b344ac68d2d6c672f725ccc696689 -> e6fe8aa99b3aa2473077f8d935c46aa6
  custom:scripting/monoscript/fileName/ApplyCharacterAppearance.cs: 7f195acdc04d851a76969afa8ec3126b -> 7a9cbd2fef473d8ef16cba0ffc80e9da
  custom:container-muxer-webm: aa71ff27fc2769a1b78a27578f13a17b -> 
  custom:video-decoder-webm-vp8: 9c59270c3fd7afecdb556c50c9e8de78 -> 
  custom:SearchIndexIgnoredProperties: e643bd26f0fe6173181afceb89e7c659 -> 
  custom:scripting/monoscript/fileName/PlataformaM1.cs: 29a3da5fb52fe260ba4844a57ac72ff1 -> 652b8d77e7a4523d9d76dd0fce9c0565
  custom:AudioImporter_EditorPlatform: d09bf68614088b80899f8185d706f6e7 -> 
  custom:scripting/monoscript/fileName/ReadyCheckManager.cs: fff889298408b20fcf065d260faa23ac -> 54b4bc75aeaba31434b14dd6c616c6ac
  custom:video-encoder-webm-vp8: eb34c28f22e8b96e1ab97ce403110664 -> 
  custom:audio-decoder-ogg-vorbis: bf7c407c2cedff20999df2af8eb42d56 -> 
  custom:scripting/monoscript/fileName/InicioJugador.cs: 96fa5c786d8c997182a74d60b41135ac -> 968054fde9edbc6102c3ddc6790ef976
  custom:scripting/monoscript/fileName/FallingPlatform.cs: 9e65b5408e29d8aadf9573a848fcb6d2 -> 245a9a33872fda3b6fdd3e032546cdd2
  custom:scripting/monoscript/fileName/MovingPlatform.cs: ef6b5699b1fda3892bb1b782ce7dad79 -> 46fbe3bb58f1f25a857df8d08a1e35df
  custom:audio-encoder-webm-vorbis: bf7c407c2cedff20999df2af8eb42d56 -> 
  custom:scripting/monoscript/fileName/SceneLoader.cs: 5ce9fb469a60c722e148f37800208389 -> 5c0816849d186432ffce5e360c37577f
  custom:scripting/monoscript/fileName/CharacterAppearanceChanger.cs: 2d13602e67d87c4df8a9d752e6b86dc7 -> 783c3520a31206074ef3c28dd10e3844
========================================================================
Received Import Request.
  Time since last request: 2165093.406706 seconds.
  path: Assets/Prefabs/25.prefab
  artifactKey: Guid(5eed3bb9fb2fe414c83d7b5c742a7ebb) Importer(815301076,1909f56bfc062723c751e8b465ee728b)
Start importing Assets/Prefabs/25.prefab using Guid(5eed3bb9fb2fe414c83d7b5c742a7ebb) Importer(815301076,1909f56bfc062723c751e8b465ee728b)  -> (artifact id: '09ecc056e130e52642d11712af6ce0f3') in 0.522145 seconds
Number of updated asset objects reloaded before import = 0
Number of asset objects unloaded after import = 14
========================================================================
Received Import Request.
  Time since last request: 0.000047 seconds.
  path: Assets/Prefabs/SkinManager.prefab
  artifactKey: Guid(3821f0fe60099f04bbf4e667cca045b4) Importer(815301076,1909f56bfc062723c751e8b465ee728b)
Start importing Assets/Prefabs/SkinManager.prefab using Guid(3821f0fe60099f04bbf4e667cca045b4) Importer(815301076,1909f56bfc062723c751e8b465ee728b)  -> (artifact id: '4ad9de90f6090fcba5041893661372b1') in 0.063193 seconds
Number of updated asset objects reloaded before import = 0
Number of asset objects unloaded after import = 55
========================================================================
Received Import Request.
  Time since last request: 0.000064 seconds.
  path: Assets/Prefabs/42.prefab
  artifactKey: Guid(163ba63c99fd51c4aa70b47c35c760ae) Importer(815301076,1909f56bfc062723c751e8b465ee728b)
Start importing Assets/Prefabs/42.prefab using Guid(163ba63c99fd51c4aa70b47c35c760ae) Importer(815301076,1909f56bfc062723c751e8b465ee728b)  -> (artifact id: 'ca0c80398ec70e6ee52b0f6d94f4c44e') in 0.036148 seconds
Number of updated asset objects reloaded before import = 0
Number of asset objects unloaded after import = 14
========================================================================
Received Import Request.
  Time since last request: 0.000032 seconds.
  path: Assets/Prefabs/ApplyCharacterAppearance.prefab
  artifactKey: Guid(1f70759433b37b5439dc0bbbca2e392d) Importer(815301076,1909f56bfc062723c751e8b465ee728b)
Start importing Assets/Prefabs/ApplyCharacterAppearance.prefab using Guid(1f70759433b37b5439dc0bbbca2e392d) Importer(815301076,1909f56bfc062723c751e8b465ee728b)  -> (artifact id: '3a02647e6b117b38b25248ff259a0031') in 0.772258 seconds
Number of updated asset objects reloaded before import = 0
Number of asset objects unloaded after import = 305
========================================================================
Received Import Request.
  Time since last request: 3.318017 seconds.
  path: Assets/Prefabs/API.prefab
  artifactKey: Guid(a0fcc8ea52c5e0943afb584a701edf25) Importer(815301076,1909f56bfc062723c751e8b465ee728b)
Start importing Assets/Prefabs/API.prefab using Guid(a0fcc8ea52c5e0943afb584a701edf25) Importer(815301076,1909f56bfc062723c751e8b465ee728b)  -> (artifact id: '5c07f40450f795fa69f5cb7310c74444') in 0.003331 seconds
Number of updated asset objects reloaded before import = 0
Number of asset objects unloaded after import = 5
========================================================================
Received Import Request.
  Time since last request: 7.759572 seconds.
  path: Assets/Scenes/5. Escena Juego.unity
  artifactKey: Guid(3a70ab78ce87f024884d764bb87b3cee) Importer(815301076,1909f56bfc062723c751e8b465ee728b)
Start importing Assets/Scenes/5. Escena Juego.unity using Guid(3a70ab78ce87f024884d764bb87b3cee) Importer(815301076,1909f56bfc062723c751e8b465ee728b)  -> (artifact id: 'b1844f2e9d66299ee5a4cdeefa5f9644') in 0.000825 seconds
Number of updated asset objects reloaded before import = 0
Number of asset objects unloaded after import = 0
========================================================================
Received Import Request.
  Time since last request: 87.106662 seconds.
  path: Assets/Fonts/Cheveuxdange.ttf
  artifactKey: Guid(4730f030f7a6058449fa3d3105af3e1e) Importer(815301076,1909f56bfc062723c751e8b465ee728b)
Start importing Assets/Fonts/Cheveuxdange.ttf using Guid(4730f030f7a6058449fa3d3105af3e1e) Importer(815301076,1909f56bfc062723c751e8b465ee728b)  -> (artifact id: '0134fd10afed1311d9e0891fd205258a') in 0.148780 seconds
Number of updated asset objects reloaded before import = 0
Number of asset objects unloaded after import = 5
========================================================================
Received Import Request.
  Time since last request: 123.229431 seconds.
  path: Assets/Scenes/1. Inicio.unity
  artifactKey: Guid(8c9cfa26abfee488c85f1582747f6a02) Importer(815301076,1909f56bfc062723c751e8b465ee728b)
Start importing Assets/Scenes/1. Inicio.unity using Guid(8c9cfa26abfee488c85f1582747f6a02) Importer(815301076,1909f56bfc062723c751e8b465ee728b)  -> (artifact id: '70ea734cfce0ed15650417111db1ecb9') in 0.001107 seconds
Number of updated asset objects reloaded before import = 0
Number of asset objects unloaded after import = 0
========================================================================
Received Prepare
Begin MonoManager ReloadAssembly
- Loaded All Assemblies, in  1.074 seconds
Refreshing native plugins compatible for Editor in 11.65 ms, found 4 plugins.
Native extension for UWP target not found
Native extension for LinuxStandalone target not found
Native extension for WindowsStandalone target not found
Native extension for AppleTV target not found
Native extension for iOS target not found
Native extension for Android target not found
Native extension for OSXStandalone target not found
Native extension for WebGL target not found
[Package Manager] Server::EnsureServerProcessIsRunning -- launch failed, reason: Unity was launched with the -noUpm command-line argument
[Package Manager] UpmClient::Send -- Unable to send message (not connected to UPM process).
[Package Manager] Cannot connect to Unity Package Manager local server
Mono: successfully reloaded assembly
- Finished resetting the current domain, in  3.205 seconds
Domain Reload Profiling: 4272ms
	BeginReloadAssembly (347ms)
		ExecutionOrderSort (0ms)
		DisableScriptedObjects (29ms)
		BackupInstance (0ms)
		ReleaseScriptingObjects (0ms)
		CreateAndSetChildDomain (86ms)
	RebuildCommonClasses (70ms)
	RebuildNativeTypeToScriptingClass (27ms)
	initialDomainReloadingComplete (53ms)
	LoadAllAssembliesAndSetupDomain (569ms)
		LoadAssemblies (717ms)
		RebuildTransferFunctionScriptingTraits (0ms)
		AnalyzeDomain (29ms)
			TypeCache.Refresh (8ms)
				TypeCache.ScanAssembly (0ms)
			ScanForSourceGeneratedMonoScriptInfo (0ms)
			ResolveRequiredComponents (19ms)
	FinalizeReload (3206ms)
		ReleaseScriptCaches (0ms)
		RebuildScriptCaches (0ms)
		SetupLoadedEditorAssemblies (1407ms)
			LogAssemblyErrors (0ms)
			InitializePlatformSupportModulesInManaged (69ms)
			SetLoadedEditorAssemblies (8ms)
			RefreshPlugins (0ms)
			BeforeProcessingInitializeOnLoad (177ms)
			ProcessInitializeOnLoadAttributes (966ms)
			ProcessInitializeOnLoadMethodAttributes (180ms)
			AfterProcessingInitializeOnLoad (7ms)
			EditorAssembliesLoaded (1ms)
		ExecutionOrderSort2 (0ms)
		AwakeInstancesAfterBackupRestoration (38ms)
Refreshing native plugins compatible for Editor in 18.02 ms, found 4 plugins.
Preloading 0 native plugins for Editor in 0.00 ms.
Unloading 6098 Unused Serialized files (Serialized files now loaded: 0)
Unloading 50 unused Assets / (392.4 KB). Loaded Objects now: 6830.
Memory consumption went from 236.8 MB to 236.4 MB.
Total: 9.565000 ms (FindLiveObjects: 0.916800 ms CreateObjectMapping: 1.598300 ms MarkObjects: 6.657500 ms  DeleteObjects: 0.390300 ms)

Prepare: number of updated asset objects reloaded= 0
AssetImportParameters requested are different than current active one (requested -> active):
  custom:container-demuxer-ogg: 62fdf1f143b41e24485cea50d1cbac27 -> 
  custom:scripting/monoscript/fileName/GameManager.cs: f6182d712e34e20e3202214886862cdb -> 9933fbcc6190e2a9171c2ec8808a053e
  custom:video-codec-MediaFoundation-h265: 746d11721c4dcdbdad8f713fa42b33f4 -> 
  custom:scripting/monoscript/fileName/CharacterMovement.cs: d399635990a961aca2f515f216de94dd -> 1673cf7be67e51b75e632a5978bb31f2
  custom:scripting/monoscript/fileName/Movimiento2D.cs: 95f0c8df4f00351711a71fd58027563c -> bbc4ac1ef679964e1ecf9a7ae00e89c3
  custom:video-decoder-ogg-theora: a1e56fd34408186e4bbccfd4996cb3dc -> 
  custom:framework-win-MediaFoundation: 216162199b28c13a410421893ffa2e32 -> 
  custom:scripting/monoscript/fileName/Personajes.cs: cf754684430e1fd9ff707153540a15ba -> d24466ca9c67cdf8e80df7889f3239ab
  custom:scripting/monoscript/fileName/CharacterState.cs: daef445d79577e36022c10728a5ef36b -> 20b4bafe321165ad4f78c9806424eaa0
  custom:CustomObjectIndexerAttribute: 62b5816608c3102f162a1797e29626cf -> 
  custom:scripting/monoscript/fileName/APIConnector.cs: 7acd2b7efe9ce707a336ee3e8fe485f8 -> 11d61ef623875cd39650109c2b8e5c47
  custom:scripting/monoscript/fileName/KillZone.cs: bbbfb6fd557c6a2583bd59ef9361a44b -> 09f2c63620312c1b25c236b78ab458de
  custom:container-demuxer-webm: 4f35f7cbe854078d1ac9338744f61a02 -> 
  custom:scripting/monoscript/fileName/MenuSeleccionPersonaje.cs: ea6b344ac68d2d6c672f725ccc696689 -> e6fe8aa99b3aa2473077f8d935c46aa6
  custom:scripting/monoscript/fileName/ApplyCharacterAppearance.cs: 7f195acdc04d851a76969afa8ec3126b -> 7a9cbd2fef473d8ef16cba0ffc80e9da
  custom:container-muxer-webm: aa71ff27fc2769a1b78a27578f13a17b -> 
  custom:video-decoder-webm-vp8: 9c59270c3fd7afecdb556c50c9e8de78 -> 
  custom:SearchIndexIgnoredProperties: e643bd26f0fe6173181afceb89e7c659 -> 
  custom:scripting/monoscript/fileName/PlataformaM1.cs: 29a3da5fb52fe260ba4844a57ac72ff1 -> 652b8d77e7a4523d9d76dd0fce9c0565
  custom:AudioImporter_EditorPlatform: d09bf68614088b80899f8185d706f6e7 -> 
  custom:scripting/monoscript/fileName/ReadyCheckManager.cs: fff889298408b20fcf065d260faa23ac -> 54b4bc75aeaba31434b14dd6c616c6ac
  custom:video-encoder-webm-vp8: eb34c28f22e8b96e1ab97ce403110664 -> 
  custom:audio-decoder-ogg-vorbis: bf7c407c2cedff20999df2af8eb42d56 -> 
  custom:scripting/monoscript/fileName/InicioJugador.cs: 96fa5c786d8c997182a74d60b41135ac -> 968054fde9edbc6102c3ddc6790ef976
  custom:scripting/monoscript/fileName/FallingPlatform.cs: 9e65b5408e29d8aadf9573a848fcb6d2 -> 245a9a33872fda3b6fdd3e032546cdd2
  custom:scripting/monoscript/fileName/MovingPlatform.cs: ef6b5699b1fda3892bb1b782ce7dad79 -> 46fbe3bb58f1f25a857df8d08a1e35df
  custom:audio-encoder-webm-vorbis: bf7c407c2cedff20999df2af8eb42d56 -> 
  custom:scripting/monoscript/fileName/SceneLoader.cs: 5ce9fb469a60c722e148f37800208389 -> 5c0816849d186432ffce5e360c37577f
  custom:scripting/monoscript/fileName/CharacterAppearanceChanger.cs: 2d13602e67d87c4df8a9d752e6b86dc7 -> 783c3520a31206074ef3c28dd10e3844
========================================================================
Received Prepare
Begin MonoManager ReloadAssembly
- Loaded All Assemblies, in  1.491 seconds
Refreshing native plugins compatible for Editor in 9.70 ms, found 4 plugins.
Native extension for UWP target not found
Native extension for LinuxStandalone target not found
Native extension for WindowsStandalone target not found
Native extension for AppleTV target not found
Native extension for iOS target not found
Native extension for Android target not found
Native extension for OSXStandalone target not found
Native extension for WebGL target not found
[Package Manager] Server::EnsureServerProcessIsRunning -- launch failed, reason: Unity was launched with the -noUpm command-line argument
[Package Manager] UpmClient::Send -- Unable to send message (not connected to UPM process).
[Package Manager] Cannot connect to Unity Package Manager local server
Mono: successfully reloaded assembly
- Finished resetting the current domain, in  4.378 seconds
Domain Reload Profiling: 5863ms
	BeginReloadAssembly (357ms)
		ExecutionOrderSort (0ms)
		DisableScriptedObjects (28ms)
		BackupInstance (0ms)
		ReleaseScriptingObjects (0ms)
		CreateAndSetChildDomain (86ms)
	RebuildCommonClasses (69ms)
	RebuildNativeTypeToScriptingClass (28ms)
	initialDomainReloadingComplete (56ms)
	LoadAllAssembliesAndSetupDomain (974ms)
		LoadAssemblies (1128ms)
		RebuildTransferFunctionScriptingTraits (0ms)
		AnalyzeDomain (32ms)
			TypeCache.Refresh (9ms)
				TypeCache.ScanAssembly (0ms)
			ScanForSourceGeneratedMonoScriptInfo (0ms)
			ResolveRequiredComponents (21ms)
	FinalizeReload (4379ms)
		ReleaseScriptCaches (0ms)
		RebuildScriptCaches (0ms)
		SetupLoadedEditorAssemblies (1643ms)
			LogAssemblyErrors (0ms)
			InitializePlatformSupportModulesInManaged (121ms)
			SetLoadedEditorAssemblies (9ms)
			RefreshPlugins (0ms)
			BeforeProcessingInitializeOnLoad (229ms)
			ProcessInitializeOnLoadAttributes (1125ms)
			ProcessInitializeOnLoadMethodAttributes (155ms)
			AfterProcessingInitializeOnLoad (4ms)
			EditorAssembliesLoaded (1ms)
		ExecutionOrderSort2 (0ms)
		AwakeInstancesAfterBackupRestoration (32ms)
Refreshing native plugins compatible for Editor in 15.02 ms, found 4 plugins.
Preloading 0 native plugins for Editor in 0.00 ms.
Unloading 6098 Unused Serialized files (Serialized files now loaded: 0)
Unloading 50 unused Assets / (392.6 KB). Loaded Objects now: 6847.
Memory consumption went from 238.7 MB to 238.3 MB.
Total: 10.811100 ms (FindLiveObjects: 0.879900 ms CreateObjectMapping: 1.102300 ms MarkObjects: 8.511600 ms  DeleteObjects: 0.314900 ms)

Prepare: number of updated asset objects reloaded= 0
AssetImportParameters requested are different than current active one (requested -> active):
  custom:container-demuxer-ogg: 62fdf1f143b41e24485cea50d1cbac27 -> 
  custom:scripting/monoscript/fileName/GameManager.cs: f6182d712e34e20e3202214886862cdb -> 9933fbcc6190e2a9171c2ec8808a053e
  custom:video-codec-MediaFoundation-h265: 746d11721c4dcdbdad8f713fa42b33f4 -> 
  custom:scripting/monoscript/fileName/CharacterMovement.cs: d399635990a961aca2f515f216de94dd -> 1673cf7be67e51b75e632a5978bb31f2
  custom:scripting/monoscript/fileName/Movimiento2D.cs: 95f0c8df4f00351711a71fd58027563c -> bbc4ac1ef679964e1ecf9a7ae00e89c3
  custom:video-decoder-ogg-theora: a1e56fd34408186e4bbccfd4996cb3dc -> 
  custom:framework-win-MediaFoundation: 216162199b28c13a410421893ffa2e32 -> 
  custom:scripting/monoscript/fileName/Personajes.cs: cf754684430e1fd9ff707153540a15ba -> d24466ca9c67cdf8e80df7889f3239ab
  custom:scripting/monoscript/fileName/CharacterState.cs: daef445d79577e36022c10728a5ef36b -> 20b4bafe321165ad4f78c9806424eaa0
  custom:CustomObjectIndexerAttribute: 62b5816608c3102f162a1797e29626cf -> 
  custom:scripting/monoscript/fileName/APIConnector.cs: 7acd2b7efe9ce707a336ee3e8fe485f8 -> 11d61ef623875cd39650109c2b8e5c47
  custom:scripting/monoscript/fileName/KillZone.cs: bbbfb6fd557c6a2583bd59ef9361a44b -> 09f2c63620312c1b25c236b78ab458de
  custom:container-demuxer-webm: 4f35f7cbe854078d1ac9338744f61a02 -> 
  custom:scripting/monoscript/fileName/MenuSeleccionPersonaje.cs: ea6b344ac68d2d6c672f725ccc696689 -> e6fe8aa99b3aa2473077f8d935c46aa6
  custom:scripting/monoscript/fileName/ApplyCharacterAppearance.cs: 7f195acdc04d851a76969afa8ec3126b -> 7a9cbd2fef473d8ef16cba0ffc80e9da
  custom:container-muxer-webm: aa71ff27fc2769a1b78a27578f13a17b -> 
  custom:video-decoder-webm-vp8: 9c59270c3fd7afecdb556c50c9e8de78 -> 
  custom:SearchIndexIgnoredProperties: e643bd26f0fe6173181afceb89e7c659 -> 
  custom:scripting/monoscript/fileName/PlataformaM1.cs: 29a3da5fb52fe260ba4844a57ac72ff1 -> 652b8d77e7a4523d9d76dd0fce9c0565
  custom:AudioImporter_EditorPlatform: d09bf68614088b80899f8185d706f6e7 -> 
  custom:scripting/monoscript/fileName/ReadyCheckManager.cs: fff889298408b20fcf065d260faa23ac -> 54b4bc75aeaba31434b14dd6c616c6ac
  custom:video-encoder-webm-vp8: eb34c28f22e8b96e1ab97ce403110664 -> 
  custom:audio-decoder-ogg-vorbis: bf7c407c2cedff20999df2af8eb42d56 -> 
  custom:scripting/monoscript/fileName/InicioJugador.cs: 96fa5c786d8c997182a74d60b41135ac -> 968054fde9edbc6102c3ddc6790ef976
  custom:scripting/monoscript/fileName/FallingPlatform.cs: 9e65b5408e29d8aadf9573a848fcb6d2 -> 245a9a33872fda3b6fdd3e032546cdd2
  custom:scripting/monoscript/fileName/MovingPlatform.cs: ef6b5699b1fda3892bb1b782ce7dad79 -> 46fbe3bb58f1f25a857df8d08a1e35df
  custom:audio-encoder-webm-vorbis: bf7c407c2cedff20999df2af8eb42d56 -> 
  custom:scripting/monoscript/fileName/SceneLoader.cs: 5ce9fb469a60c722e148f37800208389 -> 5c0816849d186432ffce5e360c37577f
  custom:scripting/monoscript/fileName/CharacterAppearanceChanger.cs: 2d13602e67d87c4df8a9d752e6b86dc7 -> 783c3520a31206074ef3c28dd10e3844
========================================================================
Received Import Request.
  Time since last request: 538.519074 seconds.
  path: Assets/Scripts/API
  artifactKey: Guid(ab2e4f244de348c4caa880d934cb5857) Importer(815301076,1909f56bfc062723c751e8b465ee728b)
Start importing Assets/Scripts/API using Guid(ab2e4f244de348c4caa880d934cb5857) Importer(815301076,1909f56bfc062723c751e8b465ee728b)  -> (artifact id: '57b580bc44253cd12570d3a2dca1153b') in 0.003163 seconds
Number of updated asset objects reloaded before import = 0
Number of asset objects unloaded after import = 0
========================================================================
Received Import Request.
  Time since last request: 303.522053 seconds.
  path: Assets/Scripts/Rest API.cs
  artifactKey: Guid(e8ea220d714256a4fba13e9357fef48d) Importer(815301076,1909f56bfc062723c751e8b465ee728b)
Start importing Assets/Scripts/Rest API.cs using Guid(e8ea220d714256a4fba13e9357fef48d) Importer(815301076,1909f56bfc062723c751e8b465ee728b)  -> (artifact id: 'e8a09e2d98fd42cfdf17146bd33b72cf') in 0.000903 seconds
Number of updated asset objects reloaded before import = 0
Number of asset objects unloaded after import = 0
========================================================================
Received Import Request.
  Time since last request: 93.709427 seconds.
  path: Assets/Scripts/JSON
  artifactKey: Guid(02b16000992155b41967560d2cc16651) Importer(815301076,1909f56bfc062723c751e8b465ee728b)
Start importing Assets/Scripts/JSON using Guid(02b16000992155b41967560d2cc16651) Importer(815301076,1909f56bfc062723c751e8b465ee728b)  -> (artifact id: '193afe355edefb36fbe2fd35e48a867f') in 0.000725 seconds
Number of updated asset objects reloaded before import = 0
Number of asset objects unloaded after import = 0
========================================================================
Received Prepare
Begin MonoManager ReloadAssembly
- Loaded All Assemblies, in  1.445 seconds
Refreshing native plugins compatible for Editor in 57.58 ms, found 4 plugins.
Native extension for UWP target not found
Native extension for LinuxStandalone target not found
Native extension for WindowsStandalone target not found
Native extension for AppleTV target not found
Native extension for iOS target not found
Native extension for Android target not found
Native extension for OSXStandalone target not found
Native extension for WebGL target not found
[Package Manager] Server::EnsureServerProcessIsRunning -- launch failed, reason: Unity was launched with the -noUpm command-line argument
[Package Manager] UpmClient::Send -- Unable to send message (not connected to UPM process).
[Package Manager] Cannot connect to Unity Package Manager local server
Mono: successfully reloaded assembly
- Finished resetting the current domain, in  4.583 seconds
Domain Reload Profiling: 6021ms
	BeginReloadAssembly (330ms)
		ExecutionOrderSort (0ms)
		DisableScriptedObjects (19ms)
		BackupInstance (0ms)
		ReleaseScriptingObjects (0ms)
		CreateAndSetChildDomain (71ms)
	RebuildCommonClasses (58ms)
	RebuildNativeTypeToScriptingClass (19ms)
	initialDomainReloadingComplete (55ms)
	LoadAllAssembliesAndSetupDomain (976ms)
		LoadAssemblies (1040ms)
		RebuildTransferFunctionScriptingTraits (0ms)
		AnalyzeDomain (98ms)
			TypeCache.Refresh (19ms)
				TypeCache.ScanAssembly (2ms)
			ScanForSourceGeneratedMonoScriptInfo (52ms)
			ResolveRequiredComponents (25ms)
	FinalizeReload (4583ms)
		ReleaseScriptCaches (0ms)
		RebuildScriptCaches (0ms)
		SetupLoadedEditorAssemblies (1272ms)
			LogAssemblyErrors (0ms)
			InitializePlatformSupportModulesInManaged (113ms)
			SetLoadedEditorAssemblies (11ms)
			RefreshPlugins (0ms)
			BeforeProcessingInitializeOnLoad (174ms)
			ProcessInitializeOnLoadAttributes (818ms)
			ProcessInitializeOnLoadMethodAttributes (152ms)
			AfterProcessingInitializeOnLoad (4ms)
			EditorAssembliesLoaded (1ms)
		ExecutionOrderSort2 (0ms)
		AwakeInstancesAfterBackupRestoration (27ms)
Refreshing native plugins compatible for Editor in 11.65 ms, found 4 plugins.
Preloading 0 native plugins for Editor in 0.00 ms.
Unloading 6098 Unused Serialized files (Serialized files now loaded: 0)
Unloading 51 unused Assets / (393.1 KB). Loaded Objects now: 6864.
Memory consumption went from 240.6 MB to 240.2 MB.
Total: 7.488300 ms (FindLiveObjects: 0.799500 ms CreateObjectMapping: 0.824200 ms MarkObjects: 5.670700 ms  DeleteObjects: 0.192100 ms)

Prepare: number of updated asset objects reloaded= 0
AssetImportParameters requested are different than current active one (requested -> active):
  custom:container-demuxer-ogg: 62fdf1f143b41e24485cea50d1cbac27 -> 
  custom:scripting/monoscript/fileName/GameManager.cs: f6182d712e34e20e3202214886862cdb -> 9933fbcc6190e2a9171c2ec8808a053e
  custom:video-codec-MediaFoundation-h265: 746d11721c4dcdbdad8f713fa42b33f4 -> 
  custom:scripting/monoscript/fileName/CharacterMovement.cs: d399635990a961aca2f515f216de94dd -> 1673cf7be67e51b75e632a5978bb31f2
  custom:scripting/monoscript/fileName/Movimiento2D.cs: 95f0c8df4f00351711a71fd58027563c -> bbc4ac1ef679964e1ecf9a7ae00e89c3
  custom:video-decoder-ogg-theora: a1e56fd34408186e4bbccfd4996cb3dc -> 
  custom:framework-win-MediaFoundation: 216162199b28c13a410421893ffa2e32 -> 
  custom:scripting/monoscript/fileName/Personajes.cs: cf754684430e1fd9ff707153540a15ba -> d24466ca9c67cdf8e80df7889f3239ab
  custom:scripting/monoscript/fileName/CharacterState.cs: daef445d79577e36022c10728a5ef36b -> 20b4bafe321165ad4f78c9806424eaa0
  custom:CustomObjectIndexerAttribute: 62b5816608c3102f162a1797e29626cf -> 
  custom:scripting/monoscript/fileName/APIConnector.cs: 7acd2b7efe9ce707a336ee3e8fe485f8 -> 11d61ef623875cd39650109c2b8e5c47
  custom:scripting/monoscript/fileName/KillZone.cs: bbbfb6fd557c6a2583bd59ef9361a44b -> 09f2c63620312c1b25c236b78ab458de
  custom:container-demuxer-webm: 4f35f7cbe854078d1ac9338744f61a02 -> 
  custom:scripting/monoscript/fileName/MenuSeleccionPersonaje.cs: ea6b344ac68d2d6c672f725ccc696689 -> e6fe8aa99b3aa2473077f8d935c46aa6
  custom:scripting/monoscript/fileName/ApplyCharacterAppearance.cs: 7f195acdc04d851a76969afa8ec3126b -> 7a9cbd2fef473d8ef16cba0ffc80e9da
  custom:container-muxer-webm: aa71ff27fc2769a1b78a27578f13a17b -> 
  custom:video-decoder-webm-vp8: 9c59270c3fd7afecdb556c50c9e8de78 -> 
  custom:SearchIndexIgnoredProperties: e643bd26f0fe6173181afceb89e7c659 -> 
  custom:scripting/monoscript/fileName/PlataformaM1.cs: 29a3da5fb52fe260ba4844a57ac72ff1 -> 652b8d77e7a4523d9d76dd0fce9c0565
  custom:AudioImporter_EditorPlatform: d09bf68614088b80899f8185d706f6e7 -> 
  custom:scripting/monoscript/fileName/ReadyCheckManager.cs: fff889298408b20fcf065d260faa23ac -> 54b4bc75aeaba31434b14dd6c616c6ac
  custom:video-encoder-webm-vp8: eb34c28f22e8b96e1ab97ce403110664 -> 
  custom:audio-decoder-ogg-vorbis: bf7c407c2cedff20999df2af8eb42d56 -> 
  custom:scripting/monoscript/fileName/InicioJugador.cs: 96fa5c786d8c997182a74d60b41135ac -> 968054fde9edbc6102c3ddc6790ef976
  custom:scripting/monoscript/fileName/FallingPlatform.cs: 9e65b5408e29d8aadf9573a848fcb6d2 -> 245a9a33872fda3b6fdd3e032546cdd2
  custom:scripting/monoscript/fileName/MovingPlatform.cs: ef6b5699b1fda3892bb1b782ce7dad79 -> 46fbe3bb58f1f25a857df8d08a1e35df
  custom:audio-encoder-webm-vorbis: bf7c407c2cedff20999df2af8eb42d56 -> 
  custom:scripting/monoscript/fileName/SceneLoader.cs: 5ce9fb469a60c722e148f37800208389 -> 5c0816849d186432ffce5e360c37577f
  custom:scripting/monoscript/fileName/CharacterAppearanceChanger.cs: 2d13602e67d87c4df8a9d752e6b86dc7 -> 783c3520a31206074ef3c28dd10e3844
========================================================================
Received Import Request.
  Time since last request: 35.192479 seconds.
  path: Assets/Scenes/5. Escena Juego.unity
  artifactKey: Guid(3a70ab78ce87f024884d764bb87b3cee) Importer(815301076,1909f56bfc062723c751e8b465ee728b)
Start importing Assets/Scenes/5. Escena Juego.unity using Guid(3a70ab78ce87f024884d764bb87b3cee) Importer(815301076,1909f56bfc062723c751e8b465ee728b)  -> (artifact id: '7219383a04b21acafe374175f6a2824c') in 0.002375 seconds
Number of updated asset objects reloaded before import = 0
Number of asset objects unloaded after import = 0
========================================================================
Received Import Request.
  Time since last request: 13.565724 seconds.
  path: Assets/Scenes/1. Inicio.unity
  artifactKey: Guid(8c9cfa26abfee488c85f1582747f6a02) Importer(815301076,1909f56bfc062723c751e8b465ee728b)
Start importing Assets/Scenes/1. Inicio.unity using Guid(8c9cfa26abfee488c85f1582747f6a02) Importer(815301076,1909f56bfc062723c751e8b465ee728b)  -> (artifact id: '25e7134eefe2955404de1b701e6ce95d') in 0.000897 seconds
Number of updated asset objects reloaded before import = 0
Number of asset objects unloaded after import = 0
========================================================================
Received Prepare
Begin MonoManager ReloadAssembly
- Loaded All Assemblies, in  1.201 seconds
Refreshing native plugins compatible for Editor in 16.87 ms, found 4 plugins.
Native extension for UWP target not found
Native extension for LinuxStandalone target not found
Native extension for WindowsStandalone target not found
Native extension for AppleTV target not found
Native extension for iOS target not found
Native extension for Android target not found
Native extension for OSXStandalone target not found
Native extension for WebGL target not found
[Package Manager] Server::EnsureServerProcessIsRunning -- launch failed, reason: Unity was launched with the -noUpm command-line argument
[Package Manager] UpmClient::Send -- Unable to send message (not connected to UPM process).
[Package Manager] Cannot connect to Unity Package Manager local server
Mono: successfully reloaded assembly
- Finished resetting the current domain, in  4.030 seconds
Domain Reload Profiling: 5222ms
	BeginReloadAssembly (393ms)
		ExecutionOrderSort (0ms)
		DisableScriptedObjects (23ms)
		BackupInstance (0ms)
		ReleaseScriptingObjects (0ms)
		CreateAndSetChildDomain (88ms)
	RebuildCommonClasses (77ms)
	RebuildNativeTypeToScriptingClass (28ms)
	initialDomainReloadingComplete (65ms)
	LoadAllAssembliesAndSetupDomain (629ms)
		LoadAssemblies (804ms)
		RebuildTransferFunctionScriptingTraits (0ms)
		AnalyzeDomain (43ms)
			TypeCache.Refresh (11ms)
				TypeCache.ScanAssembly (0ms)
			ScanForSourceGeneratedMonoScriptInfo (1ms)
			ResolveRequiredComponents (30ms)
	FinalizeReload (4031ms)
		ReleaseScriptCaches (0ms)
		RebuildScriptCaches (0ms)
		SetupLoadedEditorAssemblies (1358ms)
			LogAssemblyErrors (0ms)
			InitializePlatformSupportModulesInManaged (89ms)
			SetLoadedEditorAssemblies (10ms)
			RefreshPlugins (0ms)
			BeforeProcessingInitializeOnLoad (176ms)
			ProcessInitializeOnLoadAttributes (941ms)
			ProcessInitializeOnLoadMethodAttributes (137ms)
			AfterProcessingInitializeOnLoad (4ms)
			EditorAssembliesLoaded (1ms)
		ExecutionOrderSort2 (0ms)
		AwakeInstancesAfterBackupRestoration (37ms)
Refreshing native plugins compatible for Editor in 15.63 ms, found 4 plugins.
Preloading 0 native plugins for Editor in 0.00 ms.
Unloading 6098 Unused Serialized files (Serialized files now loaded: 0)
Unloading 50 unused Assets / (392.5 KB). Loaded Objects now: 6881.
Memory consumption went from 242.5 MB to 242.1 MB.
Total: 13.150000 ms (FindLiveObjects: 2.356700 ms CreateObjectMapping: 1.329400 ms MarkObjects: 9.069300 ms  DeleteObjects: 0.391900 ms)

Prepare: number of updated asset objects reloaded= 0
AssetImportParameters requested are different than current active one (requested -> active):
  custom:container-demuxer-ogg: 62fdf1f143b41e24485cea50d1cbac27 -> 
  custom:scripting/monoscript/fileName/GameManager.cs: f6182d712e34e20e3202214886862cdb -> 9933fbcc6190e2a9171c2ec8808a053e
  custom:video-codec-MediaFoundation-h265: 746d11721c4dcdbdad8f713fa42b33f4 -> 
  custom:scripting/monoscript/fileName/CharacterMovement.cs: d399635990a961aca2f515f216de94dd -> 1673cf7be67e51b75e632a5978bb31f2
  custom:scripting/monoscript/fileName/Movimiento2D.cs: 95f0c8df4f00351711a71fd58027563c -> bbc4ac1ef679964e1ecf9a7ae00e89c3
  custom:video-decoder-ogg-theora: a1e56fd34408186e4bbccfd4996cb3dc -> 
  custom:framework-win-MediaFoundation: 216162199b28c13a410421893ffa2e32 -> 
  custom:scripting/monoscript/fileName/Personajes.cs: cf754684430e1fd9ff707153540a15ba -> d24466ca9c67cdf8e80df7889f3239ab
  custom:scripting/monoscript/fileName/CharacterState.cs: daef445d79577e36022c10728a5ef36b -> 20b4bafe321165ad4f78c9806424eaa0
  custom:CustomObjectIndexerAttribute: 62b5816608c3102f162a1797e29626cf -> 
  custom:scripting/monoscript/fileName/APIConnector.cs: 7acd2b7efe9ce707a336ee3e8fe485f8 -> 11d61ef623875cd39650109c2b8e5c47
  custom:scripting/monoscript/fileName/KillZone.cs: bbbfb6fd557c6a2583bd59ef9361a44b -> 09f2c63620312c1b25c236b78ab458de
  custom:container-demuxer-webm: 4f35f7cbe854078d1ac9338744f61a02 -> 
  custom:scripting/monoscript/fileName/MenuSeleccionPersonaje.cs: ea6b344ac68d2d6c672f725ccc696689 -> e6fe8aa99b3aa2473077f8d935c46aa6
  custom:scripting/monoscript/fileName/ApplyCharacterAppearance.cs: 7f195acdc04d851a76969afa8ec3126b -> 7a9cbd2fef473d8ef16cba0ffc80e9da
  custom:container-muxer-webm: aa71ff27fc2769a1b78a27578f13a17b -> 
  custom:video-decoder-webm-vp8: 9c59270c3fd7afecdb556c50c9e8de78 -> 
  custom:SearchIndexIgnoredProperties: e643bd26f0fe6173181afceb89e7c659 -> 
  custom:scripting/monoscript/fileName/PlataformaM1.cs: 29a3da5fb52fe260ba4844a57ac72ff1 -> 652b8d77e7a4523d9d76dd0fce9c0565
  custom:AudioImporter_EditorPlatform: d09bf68614088b80899f8185d706f6e7 -> 
  custom:scripting/monoscript/fileName/ReadyCheckManager.cs: fff889298408b20fcf065d260faa23ac -> 54b4bc75aeaba31434b14dd6c616c6ac
  custom:video-encoder-webm-vp8: eb34c28f22e8b96e1ab97ce403110664 -> 
  custom:audio-decoder-ogg-vorbis: bf7c407c2cedff20999df2af8eb42d56 -> 
  custom:scripting/monoscript/fileName/InicioJugador.cs: 96fa5c786d8c997182a74d60b41135ac -> 968054fde9edbc6102c3ddc6790ef976
  custom:scripting/monoscript/fileName/FallingPlatform.cs: 9e65b5408e29d8aadf9573a848fcb6d2 -> 245a9a33872fda3b6fdd3e032546cdd2
  custom:scripting/monoscript/fileName/MovingPlatform.cs: ef6b5699b1fda3892bb1b782ce7dad79 -> 46fbe3bb58f1f25a857df8d08a1e35df
  custom:audio-encoder-webm-vorbis: bf7c407c2cedff20999df2af8eb42d56 -> 
  custom:scripting/monoscript/fileName/SceneLoader.cs: 5ce9fb469a60c722e148f37800208389 -> 5c0816849d186432ffce5e360c37577f
  custom:scripting/monoscript/fileName/CharacterAppearanceChanger.cs: 2d13602e67d87c4df8a9d752e6b86dc7 -> 783c3520a31206074ef3c28dd10e3844
========================================================================
Received Import Request.
  Time since last request: 124.491928 seconds.
  path: Assets/Scripts/JSON/SimpleJSON.cs
  artifactKey: Guid(5b6a3ec4a38f60a429a8796e0d9509f8) Importer(815301076,1909f56bfc062723c751e8b465ee728b)
Start importing Assets/Scripts/JSON/SimpleJSON.cs using Guid(5b6a3ec4a38f60a429a8796e0d9509f8) Importer(815301076,1909f56bfc062723c751e8b465ee728b)  -> (artifact id: '2d50d4abc4a8c6880eb2f977724f5133') in 0.003317 seconds
Number of updated asset objects reloaded before import = 0
Number of asset objects unloaded after import = 0
========================================================================
Received Prepare
Begin MonoManager ReloadAssembly
- Loaded All Assemblies, in  1.075 seconds
Refreshing native plugins compatible for Editor in 10.89 ms, found 4 plugins.
Native extension for UWP target not found
Native extension for LinuxStandalone target not found
Native extension for WindowsStandalone target not found
Native extension for AppleTV target not found
Native extension for iOS target not found
Native extension for Android target not found
Native extension for OSXStandalone target not found
Native extension for WebGL target not found
[Package Manager] Server::EnsureServerProcessIsRunning -- launch failed, reason: Unity was launched with the -noUpm command-line argument
[Package Manager] UpmClient::Send -- Unable to send message (not connected to UPM process).
[Package Manager] Cannot connect to Unity Package Manager local server
Mono: successfully reloaded assembly
- Finished resetting the current domain, in  3.217 seconds
Domain Reload Profiling: 4287ms
	BeginReloadAssembly (347ms)
		ExecutionOrderSort (0ms)
		DisableScriptedObjects (21ms)
		BackupInstance (0ms)
		ReleaseScriptingObjects (0ms)
		CreateAndSetChildDomain (69ms)
	RebuildCommonClasses (63ms)
	RebuildNativeTypeToScriptingClass (22ms)
	initialDomainReloadingComplete (51ms)
	LoadAllAssembliesAndSetupDomain (587ms)
		LoadAssemblies (755ms)
		RebuildTransferFunctionScriptingTraits (0ms)
		AnalyzeDomain (34ms)
			TypeCache.Refresh (9ms)
				TypeCache.ScanAssembly (0ms)
			ScanForSourceGeneratedMonoScriptInfo (0ms)
			ResolveRequiredComponents (23ms)
	FinalizeReload (3218ms)
		ReleaseScriptCaches (0ms)
		RebuildScriptCaches (0ms)
		SetupLoadedEditorAssemblies (1278ms)
			LogAssemblyErrors (0ms)
			InitializePlatformSupportModulesInManaged (78ms)
			SetLoadedEditorAssemblies (9ms)
			RefreshPlugins (0ms)
			BeforeProcessingInitializeOnLoad (174ms)
			ProcessInitializeOnLoadAttributes (875ms)
			ProcessInitializeOnLoadMethodAttributes (135ms)
			AfterProcessingInitializeOnLoad (5ms)
			EditorAssembliesLoaded (1ms)
		ExecutionOrderSort2 (0ms)
		AwakeInstancesAfterBackupRestoration (30ms)
Refreshing native plugins compatible for Editor in 13.06 ms, found 4 plugins.
Preloading 0 native plugins for Editor in 0.00 ms.
Unloading 6098 Unused Serialized files (Serialized files now loaded: 0)
Unloading 50 unused Assets / (392.5 KB). Loaded Objects now: 6898.
Memory consumption went from 244.5 MB to 244.1 MB.
Total: 8.574300 ms (FindLiveObjects: 1.007500 ms CreateObjectMapping: 1.105200 ms MarkObjects: 6.270100 ms  DeleteObjects: 0.189700 ms)

Prepare: number of updated asset objects reloaded= 0
AssetImportParameters requested are different than current active one (requested -> active):
  custom:container-demuxer-ogg: 62fdf1f143b41e24485cea50d1cbac27 -> 
  custom:scripting/monoscript/fileName/GameManager.cs: f6182d712e34e20e3202214886862cdb -> 9933fbcc6190e2a9171c2ec8808a053e
  custom:video-codec-MediaFoundation-h265: 746d11721c4dcdbdad8f713fa42b33f4 -> 
  custom:scripting/monoscript/fileName/CharacterMovement.cs: d399635990a961aca2f515f216de94dd -> 1673cf7be67e51b75e632a5978bb31f2
  custom:scripting/monoscript/fileName/Movimiento2D.cs: 95f0c8df4f00351711a71fd58027563c -> bbc4ac1ef679964e1ecf9a7ae00e89c3
  custom:video-decoder-ogg-theora: a1e56fd34408186e4bbccfd4996cb3dc -> 
  custom:framework-win-MediaFoundation: 216162199b28c13a410421893ffa2e32 -> 
  custom:scripting/monoscript/fileName/Personajes.cs: cf754684430e1fd9ff707153540a15ba -> d24466ca9c67cdf8e80df7889f3239ab
  custom:scripting/monoscript/fileName/CharacterState.cs: daef445d79577e36022c10728a5ef36b -> 20b4bafe321165ad4f78c9806424eaa0
  custom:CustomObjectIndexerAttribute: 62b5816608c3102f162a1797e29626cf -> 
  custom:scripting/monoscript/fileName/APIConnector.cs: 7acd2b7efe9ce707a336ee3e8fe485f8 -> 11d61ef623875cd39650109c2b8e5c47
  custom:scripting/monoscript/fileName/KillZone.cs: bbbfb6fd557c6a2583bd59ef9361a44b -> 09f2c63620312c1b25c236b78ab458de
  custom:container-demuxer-webm: 4f35f7cbe854078d1ac9338744f61a02 -> 
  custom:scripting/monoscript/fileName/MenuSeleccionPersonaje.cs: ea6b344ac68d2d6c672f725ccc696689 -> e6fe8aa99b3aa2473077f8d935c46aa6
  custom:scripting/monoscript/fileName/ApplyCharacterAppearance.cs: 7f195acdc04d851a76969afa8ec3126b -> 7a9cbd2fef473d8ef16cba0ffc80e9da
  custom:container-muxer-webm: aa71ff27fc2769a1b78a27578f13a17b -> 
  custom:video-decoder-webm-vp8: 9c59270c3fd7afecdb556c50c9e8de78 -> 
  custom:SearchIndexIgnoredProperties: e643bd26f0fe6173181afceb89e7c659 -> 
  custom:scripting/monoscript/fileName/PlataformaM1.cs: 29a3da5fb52fe260ba4844a57ac72ff1 -> 652b8d77e7a4523d9d76dd0fce9c0565
  custom:AudioImporter_EditorPlatform: d09bf68614088b80899f8185d706f6e7 -> 
  custom:scripting/monoscript/fileName/ReadyCheckManager.cs: fff889298408b20fcf065d260faa23ac -> 54b4bc75aeaba31434b14dd6c616c6ac
  custom:video-encoder-webm-vp8: eb34c28f22e8b96e1ab97ce403110664 -> 
  custom:audio-decoder-ogg-vorbis: bf7c407c2cedff20999df2af8eb42d56 -> 
  custom:scripting/monoscript/fileName/InicioJugador.cs: 96fa5c786d8c997182a74d60b41135ac -> 968054fde9edbc6102c3ddc6790ef976
  custom:scripting/monoscript/fileName/FallingPlatform.cs: 9e65b5408e29d8aadf9573a848fcb6d2 -> 245a9a33872fda3b6fdd3e032546cdd2
  custom:scripting/monoscript/fileName/MovingPlatform.cs: ef6b5699b1fda3892bb1b782ce7dad79 -> 46fbe3bb58f1f25a857df8d08a1e35df
  custom:audio-encoder-webm-vorbis: bf7c407c2cedff20999df2af8eb42d56 -> 
  custom:scripting/monoscript/fileName/SceneLoader.cs: 5ce9fb469a60c722e148f37800208389 -> 5c0816849d186432ffce5e360c37577f
  custom:scripting/monoscript/fileName/CharacterAppearanceChanger.cs: 2d13602e67d87c4df8a9d752e6b86dc7 -> 783c3520a31206074ef3c28dd10e3844
========================================================================
Received Prepare
Begin MonoManager ReloadAssembly
- Loaded All Assemblies, in  1.181 seconds
Refreshing native plugins compatible for Editor in 14.43 ms, found 4 plugins.
Native extension for UWP target not found
Native extension for LinuxStandalone target not found
Native extension for WindowsStandalone target not found
Native extension for AppleTV target not found
Native extension for iOS target not found
Native extension for Android target not found
Native extension for OSXStandalone target not found
Native extension for WebGL target not found
[Package Manager] Server::EnsureServerProcessIsRunning -- launch failed, reason: Unity was launched with the -noUpm command-line argument
[Package Manager] UpmClient::Send -- Unable to send message (not connected to UPM process).
[Package Manager] Cannot connect to Unity Package Manager local server
Mono: successfully reloaded assembly
- Finished resetting the current domain, in  4.151 seconds
Domain Reload Profiling: 5324ms
	BeginReloadAssembly (367ms)
		ExecutionOrderSort (0ms)
		DisableScriptedObjects (22ms)
		BackupInstance (0ms)
		ReleaseScriptingObjects (0ms)
		CreateAndSetChildDomain (87ms)
	RebuildCommonClasses (62ms)
	RebuildNativeTypeToScriptingClass (25ms)
	initialDomainReloadingComplete (59ms)
	LoadAllAssembliesAndSetupDomain (658ms)
		LoadAssemblies (813ms)
		RebuildTransferFunctionScriptingTraits (0ms)
		AnalyzeDomain (43ms)
			TypeCache.Refresh (11ms)
				TypeCache.ScanAssembly (0ms)
			ScanForSourceGeneratedMonoScriptInfo (0ms)
			ResolveRequiredComponents (29ms)
	FinalizeReload (4152ms)
		ReleaseScriptCaches (0ms)
		RebuildScriptCaches (0ms)
		SetupLoadedEditorAssemblies (1617ms)
			LogAssemblyErrors (0ms)
			InitializePlatformSupportModulesInManaged (104ms)
			SetLoadedEditorAssemblies (13ms)
			RefreshPlugins (0ms)
			BeforeProcessingInitializeOnLoad (237ms)
			ProcessInitializeOnLoadAttributes (1068ms)
			ProcessInitializeOnLoadMethodAttributes (190ms)
			AfterProcessingInitializeOnLoad (5ms)
			EditorAssembliesLoaded (1ms)
		ExecutionOrderSort2 (0ms)
		AwakeInstancesAfterBackupRestoration (38ms)
Refreshing native plugins compatible for Editor in 17.17 ms, found 4 plugins.
Preloading 0 native plugins for Editor in 0.00 ms.
Unloading 6098 Unused Serialized files (Serialized files now loaded: 0)
Unloading 50 unused Assets / (392.6 KB). Loaded Objects now: 6915.
Memory consumption went from 246.4 MB to 246.0 MB.
Total: 10.097300 ms (FindLiveObjects: 0.902000 ms CreateObjectMapping: 1.441700 ms MarkObjects: 7.447400 ms  DeleteObjects: 0.302900 ms)

Prepare: number of updated asset objects reloaded= 0
AssetImportParameters requested are different than current active one (requested -> active):
  custom:container-demuxer-ogg: 62fdf1f143b41e24485cea50d1cbac27 -> 
  custom:scripting/monoscript/fileName/GameManager.cs: f6182d712e34e20e3202214886862cdb -> 9933fbcc6190e2a9171c2ec8808a053e
  custom:video-codec-MediaFoundation-h265: 746d11721c4dcdbdad8f713fa42b33f4 -> 
  custom:scripting/monoscript/fileName/CharacterMovement.cs: d399635990a961aca2f515f216de94dd -> 1673cf7be67e51b75e632a5978bb31f2
  custom:scripting/monoscript/fileName/Movimiento2D.cs: 95f0c8df4f00351711a71fd58027563c -> bbc4ac1ef679964e1ecf9a7ae00e89c3
  custom:video-decoder-ogg-theora: a1e56fd34408186e4bbccfd4996cb3dc -> 
  custom:framework-win-MediaFoundation: 216162199b28c13a410421893ffa2e32 -> 
  custom:scripting/monoscript/fileName/Personajes.cs: cf754684430e1fd9ff707153540a15ba -> d24466ca9c67cdf8e80df7889f3239ab
  custom:scripting/monoscript/fileName/CharacterState.cs: daef445d79577e36022c10728a5ef36b -> 20b4bafe321165ad4f78c9806424eaa0
  custom:CustomObjectIndexerAttribute: 62b5816608c3102f162a1797e29626cf -> 
  custom:scripting/monoscript/fileName/APIConnector.cs: 7acd2b7efe9ce707a336ee3e8fe485f8 -> 11d61ef623875cd39650109c2b8e5c47
  custom:scripting/monoscript/fileName/KillZone.cs: bbbfb6fd557c6a2583bd59ef9361a44b -> 09f2c63620312c1b25c236b78ab458de
  custom:container-demuxer-webm: 4f35f7cbe854078d1ac9338744f61a02 -> 
  custom:scripting/monoscript/fileName/MenuSeleccionPersonaje.cs: ea6b344ac68d2d6c672f725ccc696689 -> e6fe8aa99b3aa2473077f8d935c46aa6
  custom:scripting/monoscript/fileName/ApplyCharacterAppearance.cs: 7f195acdc04d851a76969afa8ec3126b -> 7a9cbd2fef473d8ef16cba0ffc80e9da
  custom:container-muxer-webm: aa71ff27fc2769a1b78a27578f13a17b -> 
  custom:video-decoder-webm-vp8: 9c59270c3fd7afecdb556c50c9e8de78 -> 
  custom:SearchIndexIgnoredProperties: e643bd26f0fe6173181afceb89e7c659 -> 
  custom:scripting/monoscript/fileName/PlataformaM1.cs: 29a3da5fb52fe260ba4844a57ac72ff1 -> 652b8d77e7a4523d9d76dd0fce9c0565
  custom:AudioImporter_EditorPlatform: d09bf68614088b80899f8185d706f6e7 -> 
  custom:scripting/monoscript/fileName/ReadyCheckManager.cs: fff889298408b20fcf065d260faa23ac -> 54b4bc75aeaba31434b14dd6c616c6ac
  custom:video-encoder-webm-vp8: eb34c28f22e8b96e1ab97ce403110664 -> 
  custom:audio-decoder-ogg-vorbis: bf7c407c2cedff20999df2af8eb42d56 -> 
  custom:scripting/monoscript/fileName/InicioJugador.cs: 96fa5c786d8c997182a74d60b41135ac -> 968054fde9edbc6102c3ddc6790ef976
  custom:scripting/monoscript/fileName/FallingPlatform.cs: 9e65b5408e29d8aadf9573a848fcb6d2 -> 245a9a33872fda3b6fdd3e032546cdd2
  custom:scripting/monoscript/fileName/MovingPlatform.cs: ef6b5699b1fda3892bb1b782ce7dad79 -> 46fbe3bb58f1f25a857df8d08a1e35df
  custom:audio-encoder-webm-vorbis: bf7c407c2cedff20999df2af8eb42d56 -> 
  custom:scripting/monoscript/fileName/SceneLoader.cs: 5ce9fb469a60c722e148f37800208389 -> 5c0816849d186432ffce5e360c37577f
  custom:scripting/monoscript/fileName/CharacterAppearanceChanger.cs: 2d13602e67d87c4df8a9d752e6b86dc7 -> 783c3520a31206074ef3c28dd10e3844
